<?xml version="1.0" encoding="UTF-8"?>
<!-- Generated by org.testng.reporters.JUnitReportReporter -->
<testsuite hostname="Juhi_Sanal" failures="0" tests="8" name="CucumberExecutor.TestRunner" time="20.121" errors="0" timestamp="2025-05-12T21:43:09 GST" skipped="0">
  <testcase classname="CucumberExecutor.TestRunner" name="runScenario" time="1.405"/>
  <system-out/>
  <testcase classname="CucumberExecutor.TestRunner" name="runScenario" time="3.291"/>
  <system-out/>
  <testcase classname="CucumberExecutor.TestRunner" name="runScenario" time="8.640"/>
  <system-out/>
  <testcase classname="CucumberExecutor.TestRunner" name="runScenario" time="1.706"/>
  <system-out/>
  <testcase classname="CucumberExecutor.TestRunner" name="runScenario" time="1.468"/>
  <system-out/>
  <testcase classname="CucumberExecutor.TestRunner" name="runScenario" time="1.185"/>
  <system-out/>
  <testcase classname="CucumberExecutor.TestRunner" name="runScenario" time="1.201"/>
  <system-out/>
  <testcase classname="CucumberExecutor.TestRunner" name="runScenario" time="1.225"/>
  <system-out/>
</testsuite> <!-- CucumberExecutor.TestRunner -->
