<?xml version="1.0" encoding="UTF-8"?>
<!-- Generated by org.testng.reporters.JUnitReportReporter -->
<testsuite hostname="Juhi_Sanal" failures="0" tests="8" name="CucumberExecutor.TestRunner" time="25.000" errors="0" timestamp="2025-05-13T09:19:24 GST" skipped="0">
  <testcase classname="CucumberExecutor.TestRunner" name="runScenario" time="1.394"/>
  <system-out/>
  <testcase classname="CucumberExecutor.TestRunner" name="runScenario" time="1.289"/>
  <system-out/>
  <testcase classname="CucumberExecutor.TestRunner" name="runScenario" time="1.319"/>
  <system-out/>
  <testcase classname="CucumberExecutor.TestRunner" name="runScenario" time="3.386"/>
  <system-out/>
  <testcase classname="CucumberExecutor.TestRunner" name="runScenario" time="12.629"/>
  <system-out/>
  <testcase classname="CucumberExecutor.TestRunner" name="runScenario" time="1.280"/>
  <system-out/>
  <testcase classname="CucumberExecutor.TestRunner" name="runScenario" time="2.034"/>
  <system-out/>
  <testcase classname="CucumberExecutor.TestRunner" name="runScenario" time="1.669"/>
  <system-out/>
</testsuite> <!-- CucumberExecutor.TestRunner -->
