<?xml version="1.0" encoding="UTF-8"?>
<!-- Generated by org.testng.reporters.JUnitReportReporter -->
<testsuite hostname="Juhi_Sanal" failures="0" tests="1" name="sample.learn" time="20.717" errors="0" timestamp="2025-02-12T14:04:06 IST" skipped="0">
  <testcase classname="sample.learn" name="screenshot" time="20.717"/>
  <system-out/>
</testsuite> <!-- sample.learn -->
